Arguments: 
  /usr/local/Cellar/node/18.3.0/bin/node /usr/local/Cellar/yarn/1.22.18/libexec/bin/yarn.js add pg-wasm

PATH: 
  /Users/stas/.wasmer/bin:/Users/stas/.wasienv/bin:/usr/local/opt/openssl@3/bin:/usr/local/opt/icu4c/sbin:/usr/local/opt/icu4c/bin:/Users/stas/.cargo/bin/:/usr/local/opt/llvm/bin:/Users/stas/.rbenv/shims:/Users/stas/code/ton/build/validator-engine-console:/Users/stas/code/ton/build/lite-client:/Users/stas/code/ton/build/crypto:/usr/local/sbin:/usr/local/bin:/usr/bin:/bin:/usr/sbin:/sbin:/Library/TeX/texbin:/opt/X11/bin:/Library/Apple/usr/bin:/Applications/Wireshark.app/Contents/MacOS:/Users/stas/.cargo/bin:/Library/Apple/usr/bin:/Library/Apple/bin:/Users/stas/.wasmer/globals/wapm_packages/.bin

Yarn version: 
  1.22.18

Node version: 
  18.3.0

Platform: 
  darwin x64

Trace: 
  Error: https://registry.yarnpkg.com/pg-wasm: Not found
      at params.callback [as _callback] (/usr/local/Cellar/yarn/1.22.18/libexec/lib/cli.js:66138:18)
      at self.callback (/usr/local/Cellar/yarn/1.22.18/libexec/lib/cli.js:140883:22)
      at Request.emit (node:events:527:28)
      at Request.<anonymous> (/usr/local/Cellar/yarn/1.22.18/libexec/lib/cli.js:141855:10)
      at Request.emit (node:events:527:28)
      at IncomingMessage.<anonymous> (/usr/local/Cellar/yarn/1.22.18/libexec/lib/cli.js:141777:12)
      at Object.onceWrapper (node:events:641:28)
      at IncomingMessage.emit (node:events:539:35)
      at endReadableNT (node:internal/streams/readable:1344:12)
      at process.processTicksAndRejections (node:internal/process/task_queues:82:21)

npm manifest: 
  {
    "name": "pg-wasm-app",
    "version": "1.0.0",
    "main": "index.js",
    "license": "MIT",
    "author": "Stas Kelvich",
    "scripts": {
      "build": "esbuild --bundle src/app.tsx --outfile=static/app.js",
      "start": "npm run build -- --servedir=static"
    },
    "dependencies": {
      "@types/xterm": "^3.0.0",
      "ansi-colors": "^4.1.3",
      "ansi-escape-sequences": "^6.2.1",
      "highlight.js": "^11.5.1",
      "pg-wasm": "file:./../pg-wasm",
      "re-resizable": "^6.9.9",
      "react": "^18.1.0",
      "react-dom": "^18.1.0",
      "react-resize-observer": "^1.1.1",
      "xterm": "^4.18.0",
      "xterm-addon-fit": "^0.5.0",
      "xterm-addon-webgl": "^0.11.4",
      "xterm-pty": "^0.9.2",
      "xterm-readline": "^1.0.7"
    },
    "devDependencies": {
      "@types/ansi-escape-sequences": "^4.0.0",
      "@types/react": "^18.0.12",
      "@types/react-dom": "^18.0.5",
      "esbuild": "^0.14.43",
      "typescript": "^4.7.3"
    }
  }

yarn manifest: 
  No manifest

Lockfile: 
  # THIS IS AN AUTOGENERATED FILE. DO NOT EDIT THIS FILE DIRECTLY.
  # yarn lockfile v1
  
  
  "@types/ansi-escape-sequences@^4.0.0":
    version "4.0.0"
    resolved "https://registry.npmjs.org/@types/ansi-escape-sequences/-/ansi-escape-sequences-4.0.0.tgz"
    integrity sha512-y9KJUf19SBowoaqhWdQNnErxFMNsKbuair2i3SGv5Su1ExLPAJz37iPXLHKIFQGYkHGxsSe45rNt8ZekXxJwUw==
  
  "@types/prop-types@*":
    version "15.7.5"
    resolved "https://registry.npmjs.org/@types/prop-types/-/prop-types-15.7.5.tgz"
    integrity sha512-JCB8C6SnDoQf0cNycqd/35A7MjcnK+ZTqE7judS6o7utxUCg6imJg3QK2qzHKszlTjcj2cn+NwMB2i96ubpj7w==
  
  "@types/react-dom@^18.0.5":
    version "18.0.5"
    resolved "https://registry.npmjs.org/@types/react-dom/-/react-dom-18.0.5.tgz"
    integrity sha512-OWPWTUrY/NIrjsAPkAk1wW9LZeIjSvkXRhclsFO8CZcZGCOg2G0YZy4ft+rOyYxy8B7ui5iZzi9OkDebZ7/QSA==
    dependencies:
      "@types/react" "*"
  
  "@types/react@*", "@types/react@^18.0.12":
    version "18.0.12"
    resolved "https://registry.npmjs.org/@types/react/-/react-18.0.12.tgz"
    integrity sha512-duF1OTASSBQtcigUvhuiTB1Ya3OvSy+xORCiEf20H0P0lzx+/KeVsA99U5UjLXSbyo1DRJDlLKqTeM1ngosqtg==
    dependencies:
      "@types/prop-types" "*"
      "@types/scheduler" "*"
      csstype "^3.0.2"
  
  "@types/scheduler@*":
    version "0.16.2"
    resolved "https://registry.npmjs.org/@types/scheduler/-/scheduler-0.16.2.tgz"
    integrity sha512-hppQEBDmlwhFAXKJX2KnWLYu5yMfi91yazPb2l+lbJiwW+wdo1gNeRA+3RgNSO39WYX2euey41KEwnqesU2Jew==
  
  "@types/xterm@^3.0.0":
    version "3.0.0"
    resolved "https://registry.npmjs.org/@types/xterm/-/xterm-3.0.0.tgz"
    integrity sha512-+VaAJQmE7E1d1ebkIh/Zdc2mbXBVwxZGGSgqwzDPpk/HKo0mNT+iX5ZrnswztHSV+CDV+bURl7Yg7PWF7IZfXQ==
    dependencies:
      xterm "*"
  
  ansi-colors@^4.1.3:
    version "4.1.3"
    resolved "https://registry.npmjs.org/ansi-colors/-/ansi-colors-4.1.3.tgz"
    integrity sha512-/6w/C21Pm1A7aZitlI5Ni/2J6FFQN8i1Cvz3kHABAAbw93v/NlvKdVOqz7CCWz/3iv/JplRSEEZ83XION15ovw==
  
  ansi-escape-sequences@^6.2.1:
    version "6.2.1"
    resolved "https://registry.npmjs.org/ansi-escape-sequences/-/ansi-escape-sequences-6.2.1.tgz"
    integrity sha512-0gK95MrLXv+Vy5h4eKGvSX1yXopBqSYBi3/w4hekUxs/hHakF6asH9Gg7UXbb7IH9weAlVIrUzVOITNBr8Imag==
    dependencies:
      array-back "^6.2.2"
  
  ansi-regex@^5.0.1:
    version "5.0.1"
    resolved "https://registry.yarnpkg.com/ansi-regex/-/ansi-regex-5.0.1.tgz#082cb2c89c9fe8659a311a53bd6a4dc5301db304"
    integrity sha512-quJQXlTSUGL2LH9SUXo8VwsY4soanhgo6LNSm84E1LBcE8s3O0wpdiRzyR9z/ZZJMlMWv37qOOb9pdJlMUEKFQ==
  
  array-back@^6.2.2:
    version "6.2.2"
    resolved "https://registry.npmjs.org/array-back/-/array-back-6.2.2.tgz"
    integrity sha512-gUAZ7HPyb4SJczXAMUXMGAvI976JoK3qEx9v1FTmeYuJj0IBiaKttG1ydtGKdkfqWkIkouke7nG8ufGy77+Cvw==
  
  csstype@^3.0.2:
    version "3.1.0"
    resolved "https://registry.npmjs.org/csstype/-/csstype-3.1.0.tgz"
    integrity sha512-uX1KG+x9h5hIJsaKR9xHUeUraxf8IODOwq9JLNPq6BwB04a/xgpq3rcx47l5BZu5zBPlgD342tdke3Hom/nJRA==
  
  emoji-regex@^8.0.0:
    version "8.0.0"
    resolved "https://registry.yarnpkg.com/emoji-regex/-/emoji-regex-8.0.0.tgz#e818fd69ce5ccfcb404594f842963bf53164cc37"
    integrity sha512-MSjYzcWNOA0ewAHpz0MxpYFvwg6yjy1NG3xteoqz644VCo/RPgnr1/GGt+ic3iJTzQ8Eu3TdM14SawnVUmGE6A==
  
  esbuild-android-64@0.14.43:
    version "0.14.43"
    resolved "https://registry.yarnpkg.com/esbuild-android-64/-/esbuild-android-64-0.14.43.tgz#59bf3edad6863c27aa92bbb5c1d83a9a5c981495"
    integrity sha512-kqFXAS72K6cNrB6RiM7YJ5lNvmWRDSlpi7ZuRZ1hu1S3w0zlwcoCxWAyM23LQUyZSs1PbjHgdbbfYAN8IGh6xg==
  
  esbuild-android-arm64@0.14.43:
    version "0.14.43"
    resolved "https://registry.yarnpkg.com/esbuild-android-arm64/-/esbuild-android-arm64-0.14.43.tgz#0258704edf92ce2463af6d2900b844b5423bed63"
    integrity sha512-bKS2BBFh+7XZY9rpjiHGRNA7LvWYbZWP87pLehggTG7tTaCDvj8qQGOU/OZSjCSKDYbgY7Q+oDw8RlYQ2Jt2BA==
  
  esbuild-darwin-64@0.14.43:
    version "0.14.43"
    resolved "https://registry.npmjs.org/esbuild-darwin-64/-/esbuild-darwin-64-0.14.43.tgz"
    integrity sha512-/3PSilx011ttoieRGkSZ0XV8zjBf2C9enV4ScMMbCT4dpx0mFhMOpFnCHkOK0pWGB8LklykFyHrWk2z6DENVUg==
  
  esbuild-darwin-arm64@0.14.43:
    version "0.14.43"
    resolved "https://registry.yarnpkg.com/esbuild-darwin-arm64/-/esbuild-darwin-arm64-0.14.43.tgz#5f5823170b8d85b888957f0794e186caac447aca"
    integrity sha512-1HyFUKs8DMCBOvw1Qxpr5Vv/ThNcVIFb5xgXWK3pyT40WPvgYIiRTwJCvNs4l8i5qWF8/CK5bQxJVDjQvtv0Yw==
  
  esbuild-freebsd-64@0.14.43:
    version "0.14.43"
    resolved "https://registry.yarnpkg.com/esbuild-freebsd-64/-/esbuild-freebsd-64-0.14.43.tgz#e4a48b08181053837e6cd9bda19ae0af94d493b0"
    integrity sha512-FNWc05TPHYgaXjbPZO5/rJKSBslfG6BeMSs8GhwnqAKP56eEhvmzwnIz1QcC9cRVyO+IKqWNfmHFkCa1WJTULA==
  
  esbuild-freebsd-arm64@0.14.43:
    version "0.14.43"
    resolved "https://registry.yarnpkg.com/esbuild-freebsd-arm64/-/esbuild-freebsd-arm64-0.14.43.tgz#386e780d36c1dedf3a1cdab79e0bbacd873274e6"
    integrity sha512-amrYopclz3VohqisOPR6hA3GOWA3LZC1WDLnp21RhNmoERmJ/vLnOpnrG2P/Zao+/erKTCUqmrCIPVtj58DRoA==
  
  esbuild-linux-32@0.14.43:
    version "0.14.43"
    resolved "https://registry.yarnpkg.com/esbuild-linux-32/-/esbuild-linux-32-0.14.43.tgz#040ed6b9ebf06d73acdf2acce7f1cd0c12fbc6a5"
    integrity sha512-KoxoEra+9O3AKVvgDFvDkiuddCds6q71owSQEYwjtqRV7RwbPzKxJa6+uyzUulHcyGVq0g15K0oKG5CFBcvYDw==
  
  esbuild-linux-64@0.14.43:
    version "0.14.43"
    resolved "https://registry.yarnpkg.com/esbuild-linux-64/-/esbuild-linux-64-0.14.43.tgz#8abbb7594ab6a008f2aae72d95d8a4fdc59d9000"
    integrity sha512-EwINwGMyiJMgBby5/SbMqKcUhS5AYAZ2CpEBzSowsJPNBJEdhkCTtEjk757TN/wxgbu3QklqDM6KghY660QCUw==
  
  esbuild-linux-arm64@0.14.43:
    version "0.14.43"
    resolved "https://registry.yarnpkg.com/esbuild-linux-arm64/-/esbuild-linux-arm64-0.14.43.tgz#4e8e9ce77cbf7efec65e79e512b3d2fbd2da398f"
    integrity sha512-UlSpjMWllAc70zYbHxWuDS3FJytyuR/gHJYBr8BICcTNb/TSOYVBg6U7b3jZ3mILTrgzwJUHwhEwK18FZDouUQ==
  
  esbuild-linux-arm@0.14.43:
    version "0.14.43"
    resolved "https://registry.yarnpkg.com/esbuild-linux-arm/-/esbuild-linux-arm-0.14.43.tgz#9e41ee5e099c0ffdfd150da154330c2c0226cc96"
    integrity sha512-e6YzQUoDxxtyamuF12eVzzRC7bbEFSZohJ6igQB9tBqnNmIQY3fI6Cns3z2wxtbZ3f2o6idkD2fQnlvs2902Dg==
  
  esbuild-linux-mips64le@0.14.43:
    version "0.14.43"
    resolved "https://registry.yarnpkg.com/esbuild-linux-mips64le/-/esbuild-linux-mips64le-0.14.43.tgz#4b41f465a787f91cc4fe7dffa0dcabf655935a1a"
    integrity sha512-f+v8cInPEL1/SDP//CfSYzcDNgE4CY3xgDV81DWm3KAPWzhvxARrKxB1Pstf5mB56yAslJDxu7ryBUPX207EZA==
  
  esbuild-linux-ppc64le@0.14.43:
    version "0.14.43"
    resolved "https://registry.yarnpkg.com/esbuild-linux-ppc64le/-/esbuild-linux-ppc64le-0.14.43.tgz#ca15934f5b46728dd9ac05270e783e7feaca9eaf"
    integrity sha512-5wZYMDGAL/K2pqkdIsW+I4IR41kyfHr/QshJcNpUfK3RjB3VQcPWOaZmc+74rm4ZjVirYrtz+jWw0SgxtxRanA==
  
  esbuild-linux-riscv64@0.14.43:
    version "0.14.43"
    resolved "https://registry.yarnpkg.com/esbuild-linux-riscv64/-/esbuild-linux-riscv64-0.14.43.tgz#70fce2b5a0605a67e58b5a357b0e00be1029836d"
    integrity sha512-lYcAOUxp85hC7lSjycJUVSmj4/9oEfSyXjb/ua9bNl8afonaduuqtw7hvKMoKuYnVwOCDw4RSfKpcnIRDWq+Bw==
  
  esbuild-linux-s390x@0.14.43:
    version "0.14.43"
    resolved "https://registry.yarnpkg.com/esbuild-linux-s390x/-/esbuild-linux-s390x-0.14.43.tgz#318d03b4f4ccc7fa44ac7562121cf4a4529e477a"
    integrity sha512-27e43ZhHvhFE4nM7HqtUbMRu37I/4eNSUbb8FGZWszV+uLzMIsHDwLoBiJmw7G9N+hrehNPeQ4F5Ujad0DrUKQ==
  
  esbuild-netbsd-64@0.14.43:
    version "0.14.43"
    resolved "https://registry.yarnpkg.com/esbuild-netbsd-64/-/esbuild-netbsd-64-0.14.43.tgz#86130ce204ef0162a96e863b55851efecc92f423"
    integrity sha512-2mH4QF6hHBn5zzAfxEI/2eBC0mspVsZ6UVo821LpAJKMvLJPBk3XJO5xwg7paDqSqpl7p6IRrAenW999AEfJhQ==
  
  esbuild-openbsd-64@0.14.43:
    version "0.14.43"
    resolved "https://registry.yarnpkg.com/esbuild-openbsd-64/-/esbuild-openbsd-64-0.14.43.tgz#0229dc2db2ded97b03bb93bba7646b30ffdf5d0d"
    integrity sha512-ZhQpiZjvqCqO8jKdGp9+8k9E/EHSA+zIWOg+grwZasI9RoblqJ1QiZqqi7jfd6ZrrG1UFBNGe4m0NFxCFbMVbg==
  
  esbuild-sunos-64@0.14.43:
    version "0.14.43"
    resolved "https://registry.yarnpkg.com/esbuild-sunos-64/-/esbuild-sunos-64-0.14.43.tgz#17e316216eb9f1de25d52a9000356ae5b869e736"
    integrity sha512-DgxSi9DaHReL9gYuul2rrQCAapgnCJkh3LSHPKsY26zytYppG0HgkgVF80zjIlvEsUbGBP/GHQzBtrezj/Zq1Q==
  
  esbuild-windows-32@0.14.43:
    version "0.14.43"
    resolved "https://registry.yarnpkg.com/esbuild-windows-32/-/esbuild-windows-32-0.14.43.tgz#a173757bc6dfd0f2656ff40b64f7f9290745778e"
    integrity sha512-Ih3+2O5oExiqm0mY6YYE5dR0o8+AspccQ3vIAtRodwFvhuyGLjb0Hbmzun/F3Lw19nuhPMu3sW2fqIJ5xBxByw==
  
  esbuild-windows-64@0.14.43:
    version "0.14.43"
    resolved "https://registry.yarnpkg.com/esbuild-windows-64/-/esbuild-windows-64-0.14.43.tgz#c447b23126aad158c4fe6a394342cafd97926ed1"
    integrity sha512-8NsuNfI8xwFuJbrCuI+aBqNTYkrWErejFO5aYM+yHqyHuL8mmepLS9EPzAzk8rvfaJrhN0+RvKWAcymViHOKEw==
  
  esbuild-windows-arm64@0.14.43:
    version "0.14.43"
    resolved "https://registry.yarnpkg.com/esbuild-windows-arm64/-/esbuild-windows-arm64-0.14.43.tgz#3caed1b430d394d7a7836407b9d36c4750246e76"
    integrity sha512-7ZlD7bo++kVRblJEoG+cepljkfP8bfuTPz5fIXzptwnPaFwGS6ahvfoYzY7WCf5v/1nX2X02HDraVItTgbHnKw==
  
  esbuild@^0.14.43:
    version "0.14.43"
    resolved "https://registry.npmjs.org/esbuild/-/esbuild-0.14.43.tgz"
    integrity sha512-Uf94+kQmy/5jsFwKWiQB4hfo/RkM9Dh7b79p8yqd1tshULdr25G2szLz631NoH3s2ujnKEKVD16RmOxvCNKRFA==
    optionalDependencies:
      esbuild-android-64 "0.14.43"
      esbuild-android-arm64 "0.14.43"
      esbuild-darwin-64 "0.14.43"
      esbuild-darwin-arm64 "0.14.43"
      esbuild-freebsd-64 "0.14.43"
      esbuild-freebsd-arm64 "0.14.43"
      esbuild-linux-32 "0.14.43"
      esbuild-linux-64 "0.14.43"
      esbuild-linux-arm "0.14.43"
      esbuild-linux-arm64 "0.14.43"
      esbuild-linux-mips64le "0.14.43"
      esbuild-linux-ppc64le "0.14.43"
      esbuild-linux-riscv64 "0.14.43"
      esbuild-linux-s390x "0.14.43"
      esbuild-netbsd-64 "0.14.43"
      esbuild-openbsd-64 "0.14.43"
      esbuild-sunos-64 "0.14.43"
      esbuild-windows-32 "0.14.43"
      esbuild-windows-64 "0.14.43"
      esbuild-windows-arm64 "0.14.43"
  
  highlight.js@^11.5.1:
    version "11.5.1"
    resolved "https://registry.yarnpkg.com/highlight.js/-/highlight.js-11.5.1.tgz#027c24e4509e2f4dcd00b4a6dda542ce0a1f7aea"
    integrity sha512-LKzHqnxr4CrD2YsNoIf/o5nJ09j4yi/GcH5BnYz9UnVpZdS4ucMgvP61TDty5xJcFGRjnH4DpujkS9bHT3hq0Q==
  
  is-fullwidth-code-point@^3.0.0:
    version "3.0.0"
    resolved "https://registry.yarnpkg.com/is-fullwidth-code-point/-/is-fullwidth-code-point-3.0.0.tgz#f116f8064fe90b3f7844a38997c0b75051269f1d"
    integrity sha512-zymm5+u+sCsSWyD9qNaejV3DFvhCKclKdizYaJUuHA83RLjb7nSuGnddCHGv0hk+KY7BMAlsWeK4Ueg6EV6XQg==
  
  "js-tokens@^3.0.0 || ^4.0.0":
    version "4.0.0"
    resolved "https://registry.npmjs.org/js-tokens/-/js-tokens-4.0.0.tgz"
    integrity sha512-RdJUflcE3cUzKiMqQgsCu06FPu9UdIJO0beYbPhHN4k6apgJtifcoCtT9bcxOpYBtpD2kCM6Sbzg4CausW/PKQ==
  
  loose-envify@^1.1.0:
    version "1.4.0"
    resolved "https://registry.npmjs.org/loose-envify/-/loose-envify-1.4.0.tgz"
    integrity sha512-lyuxPGr/Wfhrlem2CL/UcnUc1zcqKAImBDzukY7Y5F/yQiNdko6+fRLevlw1HgMySw7f611UIY408EtxRSoK3Q==
    dependencies:
      js-tokens "^3.0.0 || ^4.0.0"
  
  "pg-wasm@file:./../pg-wasm":
    version "1.0.0"
  
  re-resizable@^6.9.9:
    version "6.9.9"
    resolved "https://registry.npmjs.org/re-resizable/-/re-resizable-6.9.9.tgz"
    integrity sha512-l+MBlKZffv/SicxDySKEEh42hR6m5bAHfNu3Tvxks2c4Ah+ldnWjfnVRwxo/nxF27SsUsxDS0raAzFuJNKABXA==
  
  react-dom@^18.1.0:
    version "18.1.0"
    resolved "https://registry.npmjs.org/react-dom/-/react-dom-18.1.0.tgz"
    integrity sha512-fU1Txz7Budmvamp7bshe4Zi32d0ll7ect+ccxNu9FlObT605GOEB8BfO4tmRJ39R5Zj831VCpvQ05QPBW5yb+w==
    dependencies:
      loose-envify "^1.1.0"
      scheduler "^0.22.0"
  
  react-resize-observer@^1.1.1:
    version "1.1.1"
    resolved "https://registry.npmjs.org/react-resize-observer/-/react-resize-observer-1.1.1.tgz"
    integrity sha512-3R+90Hou90Mr3wJYc+unsySC8Pn91V4nmjO32NKvUvjphRUbq9HisyLg7bDyGBE7xlMrrM6Fax7iNQaFdc/FYA==
  
  react@^18.1.0:
    version "18.1.0"
    resolved "https://registry.npmjs.org/react/-/react-18.1.0.tgz"
    integrity sha512-4oL8ivCz5ZEPyclFQXaNksK3adutVS8l2xzZU0cqEFrE9Sb7fC0EFK5uEk74wIreL1DERyjvsU915j1pcT2uEQ==
    dependencies:
      loose-envify "^1.1.0"
  
  scheduler@^0.22.0:
    version "0.22.0"
    resolved "https://registry.npmjs.org/scheduler/-/scheduler-0.22.0.tgz"
    integrity sha512-6QAm1BgQI88NPYymgGQLCZgvep4FyePDWFpXVK+zNSUgHwlqpJy8VEh8Et0KxTACS4VWwMousBElAZOH9nkkoQ==
    dependencies:
      loose-envify "^1.1.0"
  
  string-width@^4.0.0:
    version "4.2.3"
    resolved "https://registry.yarnpkg.com/string-width/-/string-width-4.2.3.tgz#269c7117d27b05ad2e536830a8ec895ef9c6d010"
    integrity sha512-wKyQRQpjJ0sIp62ErSZdGsjMJWsap5oRNihHhu6G7JVO/9jIB6UyevL+tXuOqrng8j/cxKTWyWUwvSTriiZz/g==
    dependencies:
      emoji-regex "^8.0.0"
      is-fullwidth-code-point "^3.0.0"
      strip-ansi "^6.0.1"
  
  strip-ansi@^6.0.1:
    version "6.0.1"
    resolved "https://registry.yarnpkg.com/strip-ansi/-/strip-ansi-6.0.1.tgz#9e26c63d30f53443e9489495b2105d37b67a85d9"
    integrity sha512-Y38VPSHcqkFrCpFnQ9vuSXmquuv5oXOKpGeT6aGrr3o3Gc9AlVa6JBfUSOCnbxGGZF+/0ooI7KrPuUSztUdU5A==
    dependencies:
      ansi-regex "^5.0.1"
  
  typescript@^4.7.3:
    version "4.7.3"
    resolved "https://registry.npmjs.org/typescript/-/typescript-4.7.3.tgz"
    integrity sha512-WOkT3XYvrpXx4vMMqlD+8R8R37fZkjyLGlxavMc4iB8lrl8L0DeTcHbYgw/v0N/z9wAFsgBhcsF0ruoySS22mA==
  
  xterm-addon-fit@^0.5.0:
    version "0.5.0"
    resolved "https://registry.npmjs.org/xterm-addon-fit/-/xterm-addon-fit-0.5.0.tgz"
    integrity sha512-DsS9fqhXHacEmsPxBJZvfj2la30Iz9xk+UKjhQgnYNkrUIN5CYLbw7WEfz117c7+S86S/tpHPfvNxJsF5/G8wQ==
  
  xterm-addon-webgl@^0.11.4:
    version "0.11.4"
    resolved "https://registry.yarnpkg.com/xterm-addon-webgl/-/xterm-addon-webgl-0.11.4.tgz#e22f3ec0cafca3d4adcabb89bb7c16efaaf3c8db"
    integrity sha512-/a/VFeftc+etGXQYWaaks977j1P7/wickBXn15zDxZzXYYMT9RN17ztqyIDVLXg9krtg28+icKK6lvgIYghJ0w==
  
  xterm-pty@^0.9.2:
    version "0.9.2"
    resolved "https://registry.yarnpkg.com/xterm-pty/-/xterm-pty-0.9.2.tgz#9308b3ed419764ab0e166b7b8f975d853c024d23"
    integrity sha512-ujZiHXaTe7iVyfArXllybe/mQev4uENgLFphxvUiCNC6WonmztjShsr3lPIUwpwUPzqBjSYc0y6cftIXXEAfcw==
    dependencies:
      xterm "^4.16.0"
  
  xterm-readline@^1.0.7:
    version "1.0.7"
    resolved "https://registry.yarnpkg.com/xterm-readline/-/xterm-readline-1.0.7.tgz#8147f66ed5a43c12fc2f4e90f2884b66e3b530d9"
    integrity sha512-XnZ9+80PF1+GZr9mtI7mO97JnDo0KEMe1vrOodD23OUpceuhJGDF8/S2cBhnmiLFw+ihnUpBWjEMUw/N5lsdnw==
    dependencies:
      string-width "^4.0.0"
  
  xterm@*, xterm@^4.16.0, xterm@^4.18.0:
    version "4.18.0"
    resolved "https://registry.npmjs.org/xterm/-/xterm-4.18.0.tgz"
    integrity sha512-JQoc1S0dti6SQfI0bK1AZvGnAxH4MVw45ZPFSO6FHTInAiau3Ix77fSxNx3mX4eh9OL4AYa8+4C8f5UvnSfppQ==
